   0.000 2022-07-10 11:42:07; Factorio 1.1.61 (build 59839, win64, steam)
   0.000 Operating system: Windows 10 (build 19044) 
   0.000 Program arguments: "C:\Program Files (x86)\Steam\steamapps\common\Factorio\bin\x64\Factorio.exe" "--wait-to-close" "12440" 
   0.001 Read data path: C:/Program Files (x86)/Steam/steamapps/common/Factorio/data
   0.001 Write data path: C:/Users/phoni/AppData/Roaming/Factorio [547543/1952624MB]
   0.001 Binaries path: C:/Program Files (x86)/Steam/steamapps/common/Factorio/bin
   0.008 System info: [CPU: AMD Ryzen 9 3900X 12-Core Processor, 24 cores, RAM: 11952/32686 MB, page: 19188/37550 MB, virtual: 4333/134217727 MB, extended virtual: 0 MB]
   0.008 Display options: [FullScreen: 1] [VSync: 0] [UIScale: custom (200.0%)] [Native DPI: 1] [Screen: 255] [Special: lmw] [Lang: en]
   0.017 Available displays: 1
   0.017  [0]: \\.\DISPLAY1 - AMD Radeon RX 5700 XT {0x80005, [0,0], 3840x2160, 32bit, 59Hz}
   0.086 [Direct3D11] Display: 0, Output: 0, DisplayAdapter: 0, RenderingAdapter: 0; d3dcompiler_47.dll
   0.173 Initialised Direct3D[0]: AMD Radeon RX 5700 XT; id: 1002-731f; driver: aticfx64.dll 30.0.15002.1004
   0.173   D3D Feature Level: 11.1, DXGI 1.5+, SwapChain: 3,flip-discard,-,-,-,none
   0.173   [Local Video Memory] Budget: 7383MB, CurrentUsage: 0MB, Reservation: 0/3819MB
   0.173   [Non-Local Vid.Mem.] Budget: 15575MB, CurrentUsage: 0MB, Reservation: 0/7915MB
   0.173   Tiled resources: Tier 2
   0.173   Unified Memory Architecture: No
   0.173   BGR 565 Supported: Yes
   0.173   MaximumFrameLatency: 3, GPUThreadPriority: 0
   0.174 Graphics settings preset: very-high
   0.174   Dedicated video memory size 8151 MB
   0.232 Desktop composition is active.
   0.232 Graphics options: [Graphics quality: high] [Video memory usage: high] [DXT: high-quality] [Color: 32bit]
   0.232                   [Max threads (load/render): 32/8] [Max texture size: 0] [Tex.Stream.: 1] [Rotation quality: normal] [Other: STDCWT] [B:43,C:-12,S:100]
   0.304 DSound: Starting _dsound_update thread
   0.304 [Audio] Backend:default; Depth:16, Channel:2, Frequency:44100; MixerQuality:linear
   0.305 DSound: Enter _dsound_update; tid=12576
   0.571 Loading mod settings GDIW 1.1.0 (settings.lua)
   0.571 Loading mod settings aai-containers 0.2.11 (settings.lua)
   0.571 Loading mod settings aai-vehicles-miner 0.6.4 (settings.lua)
   0.572 Loading mod settings actual-craft-times-remade 1.0.6 (settings.lua)
   0.572 Loading mod settings AutoDeconstruct 0.3.3 (settings.lua)
   0.572 Loading mod settings boblibrary 1.1.5 (settings.lua)
   0.572 Loading mod settings deadlock-beltboxes-loaders 2.4.2 (settings.lua)
   0.573 Loading mod settings Enhanced_Map_Colors 1.5.5 (settings.lua)
   0.573 Loading mod settings even-distribution 1.0.10 (settings.lua)
   0.573 Loading mod settings ezlib 0.1.7 (settings.lua)
   0.573 Loading mod settings Factorissimo2 2.5.3 (settings.lua)
   0.574 Loading mod settings Fill4Me 0.10.0 (settings.lua)
   0.574 Loading mod settings flib 0.10.1 (settings.lua)
   0.574 Loading mod settings Flow Control 3.1.3 (settings.lua)
   0.574 Loading mod settings GunEquipment 0.0.16 (settings.lua)
   0.574 Loading mod settings helmod 0.12.9 (settings.lua)
   0.575 Loading mod settings Honk 5.0.0 (settings.lua)
   0.576 Loading mod settings Induction Charging 2.0.2 (settings.lua)
   0.576 Loading mod settings informatron 0.2.2 (settings.lua)
   0.576 Loading mod settings jetpack 0.3.5 (settings.lua)
   0.577 Loading mod settings Nightfall 1.1.1 (settings.lua)
   0.577 Loading mod settings Nova-Natural_Evolution_Enemies 1.1.1 (settings.lua)
   0.578 Loading mod settings Portals 0.7.1 (settings.lua)
   0.578 Loading mod settings Power Armor MK3 0.4.1 (settings.lua)
   0.578 Loading mod settings Quicksearch 1.1.1 (settings.lua)
   0.579 Loading mod settings RampantArsenal 1.1.6 (settings.lua)
   0.579 Loading mod settings robot_attrition 0.5.12 (settings.lua)
   0.580 Loading mod settings SchallEndgameEvolution 1.1.1 (settings.lua)
   0.580 Loading mod settings Squeak Through 1.8.2 (settings.lua)
   0.580 Loading mod settings stasis_mine 20.0.3 (settings.lua)
   0.581 Loading mod settings Todo-List 19.2.0 (settings.lua)
   0.581 Loading mod settings VehicleSnap 1.18.4 (settings.lua)
   0.581 Loading mod settings aai-industry 0.5.19 (settings.lua)
   0.582 Loading mod settings aai-programmable-structures 0.7.4 (settings.lua)
   0.582 Loading mod settings alien-biomes 0.6.7 (settings.lua)
   0.583 Loading mod settings cargo-ships 0.1.18 (settings.lua)
   0.583 Loading mod settings combat-mechanics-overhaul 0.6.22 (settings.lua)
   0.584 Loading mod settings deadlock-integrations 2.2.0 (settings.lua)
   0.584 Loading mod settings EndgameCombat 1.105.1 (settings.lua)
   0.585 Loading mod settings equipment-gantry 0.1.5 (settings.lua)
   0.585 Loading mod settings StatsGui 1.4.1 (settings.lua)
   0.586 Loading mod settings aai-programmable-vehicles 0.7.21 (settings.lua)
   0.586 Loading mod settings ArmouredBiters 1.1.5 (settings.lua)
   0.587 Loading mod settings space-exploration 0.6.73 (settings.lua)
   0.588 Loading mod settings Kux-OrbitalIonCannon 2.3.0 (settings.lua)
   0.588 Loading mod settings QuickItemSearch 2.1.4 (settings.lua)
   0.589 Loading mod settings SE-PFR-fix 0.0.11 (settings.lua)
   0.589 Loading mod settings se-recycling-extras 0.4.0 (settings.lua)
   0.590 Loading mod settings space-exploration-menu-simulations 0.6.7 (settings.lua)
   0.591 Loading mod settings space-exploration-postprocess 0.6.14 (settings.lua)
   0.591 Loading mod settings YARM 0.8.207 (settings.lua)
   0.592 Loading mod settings RateCalculator 2.4.4 (settings.lua)
   0.592 Loading mod settings se-science-scale 0.19.0 (settings.lua)
   0.593 Loading mod settings cargo-ships 0.1.18 (settings-updates.lua)
   0.594 Loading mod settings AutoDeconstruct 0.3.3 (settings-final-fixes.lua)
   0.600 Loading mod core 0.0.0 (data.lua)
   0.646 Loading mod base 1.1.61 (data.lua)
   0.818 Loading mod GDIW 1.1.0 (data.lua)
   0.825 Loading mod aai-containers 0.2.11 (data.lua)
   0.837 Loading mod aai-signal-transmission 0.4.7 (data.lua)
   0.845 Loading mod aai-signals 0.6.1 (data.lua)
   0.852 Loading mod aai-vehicles-chaingunner 0.6.1 (data.lua)
   0.861 Loading mod aai-vehicles-flame-tank 0.5.1 (data.lua)
   0.869 Loading mod aai-vehicles-flame-tumbler 0.6.1 (data.lua)
   0.885 Loading mod aai-vehicles-hauler 0.6.1 (data.lua)
   0.902 Loading mod aai-vehicles-laser-tank 0.6.4 (data.lua)
   0.920 Loading mod aai-vehicles-miner 0.6.4 (data.lua)
   0.936 Loading mod aai-vehicles-warden 0.5.3 (data.lua)
   0.953 Loading mod aai-zones 0.6.4 (data.lua)
   0.971 Loading mod actual-craft-times-remade 1.0.6 (data.lua)
   0.985 Loading mod AfraidOfTheDark 1.1.1 (data.lua)
   1.003 Loading mod alien-biomes-hr-terrain 0.6.1 (data.lua)
   1.018 Loading mod boblibrary 1.1.5 (data.lua)
   1.040 Loading mod bullet-trails 0.6.2 (data.lua)
   1.052 Loading mod deadlock-beltboxes-loaders 2.4.2 (data.lua)
   1.070 Loading mod DragonIndustries 1.105.1 (data.lua)
   1.086 Loading mod Enhanced_Map_Colors 1.5.5 (data.lua)
   1.102 Loading mod EpicArtillerySounds 1.1.1 (data.lua)
   1.119 Loading mod even-distribution 1.0.10 (data.lua)
   1.136 Loading mod Explosive Termites 1.1.14 (data.lua)
   1.152 Loading mod ezlib 0.1.7 (data.lua)
   1.170 Loading mod Factorissimo2 2.5.3 (data.lua)
   1.201 Loading mod fast_trans 1.1.3 (data.lua)
   1.212 Loading mod Fill4Me 0.10.0 (data.lua)
   1.220 Loading mod flib 0.10.1 (data.lua)
   1.237 Loading mod Flow Control 3.1.3 (data.lua)
   1.257 Loading mod FNEI 0.4.1 (data.lua)
   1.273 Loading mod grappling-gun 0.3.2 (data.lua)
   1.289 Loading mod GunEquipment 0.0.16 (data.lua)
   1.305 Loading mod helmod 0.12.9 (data.lua)
   1.328 Loading mod Honk 5.0.0 (data.lua)
   1.339 Loading mod Induction Charging 2.0.2 (data.lua)
   1.381 Loading mod informatron 0.2.2 (data.lua)
   1.391 Loading mod jetpack 0.3.5 (data.lua)
   1.401 Loading mod Nova-Natural_Evolution_Enemies 1.1.1 (data.lua)
   1.530 Loading mod Portals 0.7.1 (data.lua)
   1.542 Loading mod Power Armor MK3 0.4.1 (data.lua)
   1.554 Loading mod Quicksearch 1.1.1 (data.lua)
   1.566 Loading mod RampantArsenal 1.1.6 (data.lua)
   1.620 Loading mod robot_attrition 0.5.12 (data.lua)
   1.634 Loading mod Robot_Battery_Research 0.2.1 (data.lua)
   1.648 Loading mod SchallEndgameEvolution 1.1.1 (data.lua)
   1.670 Loading mod Searchlight 1.1.2 (data.lua)
   1.684 Loading mod shield-projector 0.1.5 (data.lua)
   1.698 Loading mod stasis_mine 20.0.3 (data.lua)
   1.713 Loading mod Todo-List 19.2.0 (data.lua)
   1.725 Loading mod VehicleSnap 1.18.4 (data.lua)
   1.737 Loading mod Waterfill_v17 1.1.0 (data.lua)
   1.749 Loading mod aai-industry 0.5.19 (data.lua)
   1.751 Script @__aai-industry__/data.lua:2: Log mods once: {
  AfraidOfTheDark = "1.1.1",
  ["Armor-MK4"] = "1.0.1",
  ArmouredBiters = "1.1.5",
  AutoDeconstruct = "0.3.3",
  DragonIndustries = "1.105.1",
  EndgameCombat = "1.105.1",
  Enhanced_Map_Colors = "1.5.5",
  EpicArtillerySounds = "1.1.1",
  ["Explosive Termites"] = "1.1.14",
  FNEI = "0.4.1",
  Factorissimo2 = "2.5.3",
  Fill4Me = "0.10.0",
  ["Flow Control"] = "3.1.3",
  GDIW = "1.1.0",
  GunEquipment = "0.0.16",
  Honk = "5.0.0",
  ["Induction Charging"] = "2.0.2",
  ["Kux-OrbitalIonCannon"] = "2.3.0",
  Nightfall = "1.1.1",
  ["Nova-Natural_Evolution_Enemies"] = "1.1.1",
  Portals = "0.7.1",
  ["Power Armor MK3"] = "0.4.1",
  QuickItemSearch = "2.1.4",
  Quicksearch = "1.1.1",
  RampantArsenal = "1.1.6",
  RateCalculator = "2.4.4",
  RitnLib = "0.6.0",
  Robot_Battery_Research = "0.2.1",
  ["SE-PFR-fix"] = "0.0.11",
  SchallEndgameEvolution = "1.1.1",
  Searchlight = "1.1.2",
  ["Squeak Through"] = "1.8.2",
  StatsGui = "1.4.1",
  ["Todo-List"] = "19.2.0",
  VehicleSnap = "1.18.4",
  Waterfill_v17 = "1.1.0",
  YARM = "0.8.207",
  ["aai-containers"] = "0.2.11",
  ["aai-industry"] = "0.5.19",
  ["aai-programmable-structures"] = "0.7.4",
  ["aai-programmable-vehicles"] = "0.7.21",
  ["aai-signal-transmission"] = "0.4.7",
  ["aai-signals"] = "0.6.1",
  ["aai-vehicles-chaingunner"] = "0.6.1",
  ["aai-vehicles-flame-tank"] = "0.5.1",
  ["aai-vehicles-flame-tumbler"] = "0.6.1",
  ["aai-vehicles-hauler"] = "0.6.1",
  ["aai-vehicles-laser-tank"] = "0.6.4",
  ["aai-vehicles-miner"] = "0.6.4",
  ["aai-vehicles-warden"] = "0.5.3",
  ["aai-zones"] = "0.6.4",
  ["actual-craft-times-remade"] = "1.0.6",
  ["alien-biomes"] = "0.6.7",
  ["alien-biomes-hr-terrain"] = "0.6.1",
  base = "1.1.61",
  boblibrary = "1.1.5",
  ["bullet-trails"] = "0.6.2",
  ["cargo-ships"] = "0.1.18",
  ["cargo-ships-graphics"] = "0.1.0",
  ["combat-mechanics-overhaul"] = "0.6.22",
  ["deadlock-beltboxes-loaders"] = "2.4.2",
  ["deadlock-integrations"] = "2.2.0",
  ["equipment-gantry"] = "0.1.5",
  ["even-distribution"] = "1.0.10",
  ezlib = "0.1.7",
  fast_trans = "1.1.3",
  flib = "0.10.1",
  ["grappling-gun"] = "0.3.2",
  helmod = "0.12.9",
  informatron = "0.2.2",
  jetpack = "0.3.5",
  robot_attrition = "0.5.12",
  ["se-recycling-extras"] = "0.4.0",
  ["se-science-scale"] = "0.19.0",
  ["shield-projector"] = "0.1.5",
  simhelper = "1.1.4",
  ["space-exploration"] = "0.6.73",
  ["space-exploration-extra-items"] = "0.2.0",
  ["space-exploration-graphics"] = "0.6.11",
  ["space-exploration-graphics-2"] = "0.6.1",
  ["space-exploration-graphics-3"] = "0.6.1",
  ["space-exploration-graphics-4"] = "0.6.2",
  ["space-exploration-graphics-5"] = "0.6.1",
  ["space-exploration-menu-simulations"] = "0.6.7",
  ["space-exploration-pipe-qol"] = "1.0.0",
  ["space-exploration-postprocess"] = "0.6.14",
  ["space-exploration-substation-replacement"] = "1.0.0",
  stasis_mine = "20.0.3",
  stdlib = "1.4.7"
}
   1.778 Loading mod aai-programmable-structures 0.7.4 (data.lua)
   1.791 Loading mod alien-biomes 0.6.7 (data.lua)
   2.013 Loading mod Armor-MK4 1.0.1 (data.lua)
   2.028 Loading mod cargo-ships 0.1.18 (data.lua)
   2.065 Loading mod combat-mechanics-overhaul 0.6.22 (data.lua)
   2.071 Script @__combat-mechanics-overhaul__/collision-mask-util-extended/data/collision-mask-util-extended.lua:133: Named collision layer [flying-layer] set to layer [layer-13]
   2.075 Script @__combat-mechanics-overhaul__/collision-mask-util-extended/data/collision-mask-util-extended.lua:133: Named collision layer [projectile-layer] set to layer [layer-15]
   2.079 Script @__combat-mechanics-overhaul__/collision-mask-util-extended/data/collision-mask-util-extended.lua:133: Named collision layer [vehicle-layer] set to layer [layer-16]
   2.094 Loading mod EndgameCombat 1.105.1 (data.lua)
   2.098 Script @__DragonIndustries__/cloning.lua:5: Cloning object 'capsule/poison-capsule' into 'radiation-capsule'...
   2.098 Script @__DragonIndustries__/cloning.lua:5: Cloning object 'projectile/poison-capsule' into 'radiation-capsule'...
   2.098 Script @__DragonIndustries__/sprites.lua:179: Replacing sprites from 'poison-cloud' in __EndgameCombat__/projectile/radiation-capsule
   2.098 Script @__DragonIndustries__/sprites.lua:179: Replacing sprites from 'poison-capsule' in __EndgameCombat__/projectile/radiation-capsule
   2.098 Script @__DragonIndustries__/sprites.lua:179: Replacing sprites from 'poison-capsule' in __EndgameCombat__/capsule/radiation-capsule
   2.098 Script @__DragonIndustries__/cloning.lua:5: Cloning object 'smoke-with-trigger/poison-cloud' into 'radiation-capsule-cloud'...
   2.098 Script @__DragonIndustries__/cloning.lua:5: Cloning object 'smoke-with-trigger/poison-cloud-visual-dummy' into 'radiation-capsule-cloud-visual-dummy'...
   2.098 Script @__DragonIndustries__/cloning.lua:5: Cloning object 'capsule/poison-capsule' into 'acid-capsule'...
   2.098 Script @__DragonIndustries__/cloning.lua:5: Cloning object 'projectile/poison-capsule' into 'acid-capsule'...
   2.098 Script @__DragonIndustries__/sprites.lua:179: Replacing sprites from 'poison-cloud' in __EndgameCombat__/projectile/acid-capsule
   2.098 Script @__DragonIndustries__/sprites.lua:179: Replacing sprites from 'poison-capsule' in __EndgameCombat__/projectile/acid-capsule
   2.098 Script @__DragonIndustries__/sprites.lua:179: Replacing sprites from 'poison-capsule' in __EndgameCombat__/capsule/acid-capsule
   2.098 Script @__DragonIndustries__/cloning.lua:5: Cloning object 'smoke-with-trigger/poison-cloud' into 'acid-capsule-cloud'...
   2.098 Script @__DragonIndustries__/cloning.lua:5: Cloning object 'smoke-with-trigger/poison-cloud-visual-dummy' into 'acid-capsule-cloud-visual-dummy'...
   2.099 Script @__DragonIndustries__/cloning.lua:5: Cloning object 'ammo-turret/gun-turret' into 'concussion-turret'...
   2.099 Script @__DragonIndustries__/cloning.lua:5: Cloning object 'item/gun-turret' into 'concussion-turret'...
   2.099 Script @__DragonIndustries__/sprites.lua:136: Reparenting sprites in concussion-turret
   2.099 Script @__DragonIndustries__/sprites.lua:136: Reparenting sprites in concussion-turret
   2.099 Script @__DragonIndustries__/cloning.lua:5: Cloning object 'electric-turret/laser-turret' into 'plasma-turret'...
   2.100 Script @__DragonIndustries__/cloning.lua:5: Cloning object 'item/laser-turret' into 'plasma-turret'...
   2.100 Script @__DragonIndustries__/sprites.lua:136: Reparenting sprites in plasma-turret
   2.100 Script @__DragonIndustries__/sprites.lua:136: Reparenting sprites in plasma-turret
   2.100 Script @__DragonIndustries__/cloning.lua:5: Cloning object 'fluid-turret/flamethrower-turret' into 'acid-turret'...
   2.102 Script @__DragonIndustries__/cloning.lua:5: Cloning object 'item/flamethrower-turret' into 'acid-turret'...
   2.102 Script @__DragonIndustries__/sprites.lua:136: Reparenting sprites in acid-turret
   2.102 Script @__DragonIndustries__/sprites.lua:136: Reparenting sprites in acid-turret
   2.102 Script @__DragonIndustries__/cloning.lua:5: Cloning object 'fluid-turret/flamethrower-turret' into 'sticky-turret'...
   2.104 Script @__DragonIndustries__/cloning.lua:5: Cloning object 'item/flamethrower-turret' into 'sticky-turret'...
   2.104 Script @__DragonIndustries__/sprites.lua:136: Reparenting sprites in sticky-turret
   2.104 Script @__DragonIndustries__/sprites.lua:136: Reparenting sprites in sticky-turret
   2.106 Script @__DragonIndustries__/cloning.lua:5: Cloning object 'wall/stone-wall' into 'spiked-wall'...
   2.106 Script @__DragonIndustries__/cloning.lua:5: Cloning object 'item/stone-wall' into 'spiked-wall'...
   2.107 Script @__DragonIndustries__/cloning.lua:5: Cloning object 'wall/stone-wall' into 'tough-wall'...
   2.107 Script @__DragonIndustries__/cloning.lua:5: Cloning object 'item/stone-wall' into 'tough-wall'...
   2.107 Script @__DragonIndustries__/cloning.lua:5: Cloning object 'wall/stone-wall' into 'tough-spiked-wall'...
   2.107 Script @__DragonIndustries__/cloning.lua:5: Cloning object 'item/stone-wall' into 'tough-spiked-wall'...
   2.107 Script @__DragonIndustries__/cloning.lua:5: Cloning object 'gate/gate' into 'tough-gate'...
   2.108 Script @__DragonIndustries__/cloning.lua:5: Cloning object 'item/gate' into 'tough-gate'...
   2.108 Script @__DragonIndustries__/sprites.lua:136: Reparenting sprites in tough-gate
   2.108 Script @__DragonIndustries__/sprites.lua:136: Reparenting sprites in tough-gate
   2.108 Script @__DragonIndustries__/cloning.lua:5: Cloning object 'constant-combinator/constant-combinator' into 'dome-circuit-connection'...
   2.127 Script @__EndgameCombat__/prototypes/armor.lua:14: Loading poison-cloud-equipment with poison-capsule , nil
   2.128 Script @__EndgameCombat__/prototypes/armor.lua:14: Loading acid-spraying-equipment with acid-capsule , nil
   2.128 Script @__EndgameCombat__/prototypes/armor.lua:14: Loading radiation-spraying-equipment with radiation-capsule , nil
   2.128 Script @__DragonIndustries__/cloning.lua:5: Cloning object 'capsule/poison-capsule' into 'fire-capsule'...
   2.128 Script @__DragonIndustries__/cloning.lua:5: Cloning object 'projectile/poison-capsule' into 'fire-capsule'...
   2.128 Script @__DragonIndustries__/sprites.lua:179: Replacing sprites from 'poison-cloud' in __EndgameCombat__/projectile/fire-capsule
   2.128 Script @__DragonIndustries__/sprites.lua:179: Replacing sprites from 'poison-capsule' in __EndgameCombat__/projectile/fire-capsule
   2.128 Script @__DragonIndustries__/sprites.lua:179: Replacing sprites from 'poison-capsule' in __EndgameCombat__/capsule/fire-capsule
   2.128 Script @__DragonIndustries__/cloning.lua:5: Cloning object 'smoke-with-trigger/poison-cloud' into 'fire-capsule-cloud'...
   2.128 Script @__DragonIndustries__/cloning.lua:5: Cloning object 'smoke-with-trigger/poison-cloud-visual-dummy' into 'fire-capsule-cloud-visual-dummy'...
   2.128 Script @__EndgameCombat__/prototypes/armor.lua:14: Loading fire-spraying-equipment with fire-capsule , flamethrower-ammo
   2.136 Script @__EndgameCombat__/prototypes/research/upgrades.lua:35: Adding effect {
  ammo_category = "concussion-turret",
  modifier = 0.1,
  turret_id = "concussion-turret",
  type = "turret-attack"
} to tech 'rampant-arsenal-technology-gun-turret-damage-1'
   2.136 Script @__EndgameCombat__/prototypes/research/upgrades.lua:35: Adding effect {
  ammo_category = "concussion-turret",
  modifier = 0.1,
  turret_id = "concussion-turret",
  type = "turret-attack"
} to tech 'rampant-arsenal-technology-gun-turret-damage-2'
   2.136 Script @__EndgameCombat__/prototypes/research/upgrades.lua:35: Adding effect {
  ammo_category = "concussion-turret",
  modifier = 0.2,
  turret_id = "concussion-turret",
  type = "turret-attack"
} to tech 'rampant-arsenal-technology-gun-turret-damage-3'
   2.136 Script @__EndgameCombat__/prototypes/research/upgrades.lua:35: Adding effect {
  ammo_category = "concussion-turret",
  modifier = 0.3,
  turret_id = "concussion-turret",
  type = "turret-attack"
} to tech 'rampant-arsenal-technology-gun-turret-damage-4'
   2.136 Script @__EndgameCombat__/prototypes/research/upgrades.lua:35: Adding effect {
  ammo_category = "concussion-turret",
  modifier = 0.4,
  turret_id = "concussion-turret",
  type = "turret-attack"
} to tech 'rampant-arsenal-technology-gun-turret-damage-5'
   2.136 Script @__EndgameCombat__/prototypes/research/upgrades.lua:35: Adding effect {
  ammo_category = "concussion-turret",
  modifier = 0.4,
  turret_id = "concussion-turret",
  type = "turret-attack"
} to tech 'rampant-arsenal-technology-gun-turret-damage-6'
   2.136 Script @__EndgameCombat__/prototypes/research/upgrades.lua:35: Adding effect {
  ammo_category = "concussion-turret",
  modifier = 0.8,
  turret_id = "concussion-turret",
  type = "turret-attack"
} to tech 'rampant-arsenal-technology-gun-turret-damage-7'
   2.139 Script @__EndgameCombat__/turret-alerts.lua:36: Creating alert turret-health-critical
   2.139 Script @__EndgameCombat__/turret-alerts.lua:36: Creating alert turret-health-low
   2.139 Script @__EndgameCombat__/turret-alerts.lua:36: Creating alert turret-ammo-empty
   2.139 Script @__EndgameCombat__/turret-alerts.lua:36: Creating alert turret-ammo-critical
   2.139 Script @__EndgameCombat__/turret-alerts.lua:36: Creating alert turret-ammo-low
   2.139 Script @__EndgameCombat__/turret-alerts.lua:36: Creating alert turret-fluid-empty
   2.139 Script @__EndgameCombat__/turret-alerts.lua:36: Creating alert turret-fluid-critical
   2.139 Script @__EndgameCombat__/turret-alerts.lua:36: Creating alert turret-fluid-low
   2.139 Script @__EndgameCombat__/turret-alerts.lua:36: Creating alert turret-energy-empty
   2.139 Script @__EndgameCombat__/turret-alerts.lua:36: Creating alert turret-energy-critical
   2.139 Script @__EndgameCombat__/turret-alerts.lua:36: Creating alert turret-energy-low
   2.156 Loading mod equipment-gantry 0.1.5 (data.lua)
   2.174 Loading mod StatsGui 1.4.1 (data.lua)
   2.191 Loading mod aai-programmable-vehicles 0.7.21 (data.lua)
   2.193 Script @__aai-programmable-vehicles__/prototypes/phase-1/init-named-collision-layers.lua:9: collision_mask: flying-layer = layer-13
   2.193 Script @__aai-programmable-vehicles__/prototypes/phase-1/init-named-collision-layers.lua:11: collision_mask: projectile-layer = layer-15
   2.193 Script @__aai-programmable-vehicles__/prototypes/phase-1/init-named-collision-layers.lua:13: collision_mask: vehicle-layer = layer-16
   2.213 Loading mod ArmouredBiters 1.1.5 (data.lua)
   2.234 Loading mod space-exploration 0.6.73 (data.lua)
   2.241 Script @__space-exploration__/collision-mask-util-extended/data/collision-mask-util-extended.lua:121: Named collision layer [empty-space-tile] set to layer [layer-17]
   2.246 Script @__space-exploration__/collision-mask-util-extended/data/collision-mask-util-extended.lua:121: Named collision layer [space-tile] set to layer [layer-18]
   2.250 Script @__space-exploration__/collision-mask-util-extended/data/collision-mask-util-extended.lua:121: Named collision layer [moving-tile] set to layer [layer-19]
   2.254 Script @__space-exploration__/collision-mask-util-extended/data/collision-mask-util-extended.lua:121: Named collision layer [composite-entity-circuit-connection-layer] set to layer [layer-20]
   2.310 Script @__space-exploration__/collision-mask-util-extended/data/collision-mask-util-extended.lua:121: Named collision layer [addon-layer] set to layer [layer-21]
   2.410 Loading mod Kux-OrbitalIonCannon 2.3.0 (data.lua)
   2.433 Loading mod QuickItemSearch 2.1.4 (data.lua)
   2.453 Loading mod SE-PFR-fix 0.0.11 (data.lua)
   2.474 Loading mod se-recycling-extras 0.4.0 (data.lua)
   2.496 Loading mod space-exploration-extra-items 0.2.0 (data.lua)
   2.518 Loading mod space-exploration-menu-simulations 0.6.7 (data.lua)
   2.539 Loading mod space-exploration-postprocess 0.6.14 (data.lua)
   2.540 Script @__space-exploration-postprocess__/data.lua:4: nil
   2.560 Loading mod YARM 0.8.207 (data.lua)
   2.584 Loading mod RateCalculator 2.4.4 (data.lua)
   2.607 Loading mod base 1.1.61 (data-updates.lua)
   2.630 Loading mod aai-vehicles-chaingunner 0.6.1 (data-updates.lua)
   2.651 Loading mod aai-vehicles-hauler 0.6.1 (data-updates.lua)
   2.672 Loading mod aai-vehicles-miner 0.6.4 (data-updates.lua)
   2.694 Loading mod aai-vehicles-warden 0.5.3 (data-updates.lua)
   2.716 Loading mod AfraidOfTheDark 1.1.1 (data-updates.lua)
   2.736 Loading mod bullet-trails 0.6.2 (data-updates.lua)
   2.757 Loading mod deadlock-beltboxes-loaders 2.4.2 (data-updates.lua)
   2.779 Loading mod DragonIndustries 1.105.1 (data-updates.lua)
   2.801 Loading mod Enhanced_Map_Colors 1.5.5 (data-updates.lua)
   2.823 Loading mod Flow Control 3.1.3 (data-updates.lua)
   2.845 Loading mod GunEquipment 0.0.16 (data-updates.lua)
   2.868 Loading mod Nova-Natural_Evolution_Enemies 1.1.1 (data-updates.lua)
   2.890 Loading mod Power Armor MK3 0.4.1 (data-updates.lua)
   2.911 Loading mod RampantArsenal 1.1.6 (data-updates.lua)
   2.932 Loading mod robot_attrition 0.5.12 (data-updates.lua)
   2.953 Loading mod SchallEndgameEvolution 1.1.1 (data-updates.lua)
   2.974 Loading mod Squeak Through 1.8.2 (data-updates.lua)
   2.996 Loading mod aai-industry 0.5.19 (data-updates.lua)
   3.031 Loading mod alien-biomes 0.6.7 (data-updates.lua)
   3.052 Loading mod Armor-MK4 1.0.1 (data-updates.lua)
   3.073 Loading mod cargo-ships 0.1.18 (data-updates.lua)
   3.095 Loading mod deadlock-integrations 2.2.0 (data-updates.lua)
   3.117 Loading mod EndgameCombat 1.105.1 (data-updates.lua)
   3.125 Script @__EndgameCombat__/prototypes/overrides.lua:77: Entity type 'burner-turbine' fireproofing copied over to napalm.
   3.125 Script @__EndgameCombat__/prototypes/overrides.lua:77: Entity type 'factorio-logo-11tiles' fireproofing copied over to napalm.
   3.125 Script @__EndgameCombat__/prototypes/overrides.lua:77: Entity type 'factorio-logo-16tiles' fireproofing copied over to napalm.
   3.125 Script @__EndgameCombat__/prototypes/overrides.lua:77: Entity type 'factorio-logo-22tiles' fireproofing copied over to napalm.
   3.125 Script @__EndgameCombat__/prototypes/overrides.lua:77: Entity type 'crash-site-spaceship' fireproofing copied over to napalm.
   3.125 Script @__EndgameCombat__/prototypes/overrides.lua:77: Entity type 'crash-site-spaceship-wreck-big-1' fireproofing copied over to napalm.
   3.125 Script @__EndgameCombat__/prototypes/overrides.lua:77: Entity type 'crash-site-spaceship-wreck-big-2' fireproofing copied over to napalm.
   3.125 Script @__EndgameCombat__/prototypes/overrides.lua:77: Entity type 'crash-site-spaceship-wreck-medium-1' fireproofing copied over to napalm.
   3.125 Script @__EndgameCombat__/prototypes/overrides.lua:77: Entity type 'crash-site-spaceship-wreck-medium-2' fireproofing copied over to napalm.
   3.125 Script @__EndgameCombat__/prototypes/overrides.lua:77: Entity type 'crash-site-spaceship-wreck-medium-3' fireproofing copied over to napalm.
   3.125 Script @__EndgameCombat__/prototypes/overrides.lua:77: Entity type 'logistic-robot-dropped-cargo' fireproofing copied over to napalm.
   3.125 Script @__EndgameCombat__/prototypes/overrides.lua:77: Entity type 'aai-big-ship-wreck-1' fireproofing copied over to napalm.
   3.125 Script @__EndgameCombat__/prototypes/overrides.lua:77: Entity type 'aai-big-ship-wreck-2' fireproofing copied over to napalm.
   3.125 Script @__EndgameCombat__/prototypes/overrides.lua:77: Entity type 'aai-big-ship-wreck-3' fireproofing copied over to napalm.
   3.125 Script @__EndgameCombat__/prototypes/overrides.lua:77: Entity type 'aai-medium-ship-wreck-1' fireproofing copied over to napalm.
   3.125 Script @__EndgameCombat__/prototypes/overrides.lua:77: Entity type 'aai-medium-ship-wreck-2' fireproofing copied over to napalm.
   3.125 Script @__EndgameCombat__/prototypes/overrides.lua:77: Entity type 'se-rocket-launch-pad' fireproofing copied over to napalm.
   3.125 Script @__EndgameCombat__/prototypes/overrides.lua:77: Entity type 'infinity-chest' fireproofing copied over to napalm.
   3.125 Script @__EndgameCombat__/prototypes/overrides.lua:77: Entity type 'steel-furnace' fireproofing copied over to napalm.
   3.125 Script @__EndgameCombat__/prototypes/overrides.lua:77: Entity type 'big-electric-pole' fireproofing copied over to napalm.
   3.125 Script @__EndgameCombat__/prototypes/overrides.lua:77: Entity type 'medium-electric-pole' fireproofing copied over to napalm.
   3.125 Script @__EndgameCombat__/prototypes/overrides.lua:77: Entity type 'floating-electric-pole' fireproofing copied over to napalm.
   3.125 Script @__EndgameCombat__/prototypes/overrides.lua:77: Entity type 'or_pole' fireproofing copied over to napalm.
   3.125 Script @__EndgameCombat__/prototypes/overrides.lua:77: Entity type 'se-addon-power-pole' fireproofing copied over to napalm.
   3.125 Script @__EndgameCombat__/prototypes/overrides.lua:77: Entity type 'se-pylon' fireproofing copied over to napalm.
   3.125 Script @__EndgameCombat__/prototypes/overrides.lua:77: Entity type 'se-pylon-substation' fireproofing copied over to napalm.
   3.125 Script @__EndgameCombat__/prototypes/overrides.lua:77: Entity type 'se-pylon-construction' fireproofing copied over to napalm.
   3.125 Script @__EndgameCombat__/prototypes/overrides.lua:77: Entity type 'se-pylon-construction-radar' fireproofing copied over to napalm.
   3.125 Script @__EndgameCombat__/prototypes/overrides.lua:77: Entity type 'ne-spawner-red' fireproofing copied over to napalm.
   3.125 Script @__EndgameCombat__/prototypes/overrides.lua:77: Entity type 'gate' fireproofing copied over to napalm.
   3.125 Script @__EndgameCombat__/prototypes/overrides.lua:77: Entity type 'mending-gate-rampant-arsenal' fireproofing copied over to napalm.
   3.125 Script @__EndgameCombat__/prototypes/overrides.lua:77: Entity type 'reinforced-gate-rampant-arsenal' fireproofing copied over to napalm.
   3.126 Script @__EndgameCombat__/prototypes/overrides.lua:77: Entity type 'tough-gate' fireproofing copied over to napalm.
   3.126 Script @__EndgameCombat__/prototypes/overrides.lua:77: Entity type 'se-spaceship-gate' fireproofing copied over to napalm.
   3.126 Script @__EndgameCombat__/prototypes/overrides.lua:77: Entity type 'heat-interface' fireproofing copied over to napalm.
   3.126 Script @__EndgameCombat__/prototypes/overrides.lua:77: Entity type 'incendiary-landmine-rampant-arsenal' fireproofing copied over to napalm.
   3.126 Script @__EndgameCombat__/prototypes/overrides.lua:77: Entity type 'incendiary-landmine-ghostless-rampant-arsenal' fireproofing copied over to napalm.
   3.126 Script @__EndgameCombat__/prototypes/overrides.lua:77: Entity type 'infinity-pipe' fireproofing copied over to napalm.
   3.126 Script @__EndgameCombat__/prototypes/overrides.lua:77: Entity type 'bridge_north' fireproofing copied over to napalm.
   3.126 Script @__EndgameCombat__/prototypes/overrides.lua:77: Entity type 'bridge_south' fireproofing copied over to napalm.
   3.126 Script @__EndgameCombat__/prototypes/overrides.lua:77: Entity type 'bridge_east' fireproofing copied over to napalm.
   3.126 Script @__EndgameCombat__/prototypes/overrides.lua:77: Entity type 'bridge_west' fireproofing copied over to napalm.
   3.126 Script @__EndgameCombat__/prototypes/overrides.lua:77: Entity type 'se-pylon-construction-radar-radar' fireproofing copied over to napalm.
   3.126 Script @__EndgameCombat__/prototypes/overrides.lua:77: Entity type 'curved-rail' fireproofing copied over to napalm.
   3.126 Script @__EndgameCombat__/prototypes/overrides.lua:77: Entity type 'curved-water-way' fireproofing copied over to napalm.
   3.126 Script @__EndgameCombat__/prototypes/overrides.lua:77: Entity type 'curved-water-way-placed' fireproofing copied over to napalm.
   3.126 Script @__EndgameCombat__/prototypes/overrides.lua:77: Entity type 'se-space-curved-rail' fireproofing copied over to napalm.
   3.126 Script @__EndgameCombat__/prototypes/overrides.lua:77: Entity type 'se-space-elevator-curved-rail' fireproofing copied over to napalm.
   3.126 Script @__EndgameCombat__/prototypes/overrides.lua:77: Entity type 'straight-rail' fireproofing copied over to napalm.
   3.126 Script @__EndgameCombat__/prototypes/overrides.lua:77: Entity type 'straight-water-way' fireproofing copied over to napalm.
   3.126 Script @__EndgameCombat__/prototypes/overrides.lua:77: Entity type 'straight-water-way-placed' fireproofing copied over to napalm.
   3.126 Script @__EndgameCombat__/prototypes/overrides.lua:77: Entity type 'invisible_rail' fireproofing copied over to napalm.
   3.126 Script @__EndgameCombat__/prototypes/overrides.lua:77: Entity type 'bridge_crossing' fireproofing copied over to napalm.
   3.126 Script @__EndgameCombat__/prototypes/overrides.lua:77: Entity type 'se-space-straight-rail' fireproofing copied over to napalm.
   3.126 Script @__EndgameCombat__/prototypes/overrides.lua:77: Entity type 'se-spaceship-clamp-place' fireproofing copied over to napalm.
   3.126 Script @__EndgameCombat__/prototypes/overrides.lua:77: Entity type 'se-space-elevator-straight-rail' fireproofing copied over to napalm.
   3.126 Script @__EndgameCombat__/prototypes/overrides.lua:77: Entity type 'invisible_chain_signal' fireproofing copied over to napalm.
   3.126 Script @__EndgameCombat__/prototypes/overrides.lua:77: Entity type 'se-pylon-construction-roboport' fireproofing copied over to napalm.
   3.126 Script @__EndgameCombat__/prototypes/overrides.lua:77: Entity type 'se-pylon-construction-radar-roboport' fireproofing copied over to napalm.
   3.126 Script @__EndgameCombat__/prototypes/overrides.lua:77: Entity type 'se-supercharger' fireproofing copied over to napalm.
   3.126 Script @__EndgameCombat__/prototypes/overrides.lua:77: Entity type 'rock-huge' fireproofing copied over to napalm.
   3.126 Script @__EndgameCombat__/prototypes/overrides.lua:77: Entity type 'rock-big' fireproofing copied over to napalm.
   3.126 Script @__EndgameCombat__/prototypes/overrides.lua:77: Entity type 'sand-rock-big' fireproofing copied over to napalm.
   3.126 Script @__EndgameCombat__/prototypes/overrides.lua:77: Entity type 'zone-diagonal-left-black' fireproofing copied over to napalm.
   3.126 Script @__EndgameCombat__/prototypes/overrides.lua:77: Entity type 'zone-diagonal-left-green' fireproofing copied over to napalm.
   3.126 Script @__EndgameCombat__/prototypes/overrides.lua:77: Entity type 'zone-diagonal-left-teal' fireproofing copied over to napalm.
   3.126 Script @__EndgameCombat__/prototypes/overrides.lua:77: Entity type 'zone-diagonal-left-cyan' fireproofing copied over to napalm.
   3.126 Script @__EndgameCombat__/prototypes/overrides.lua:77: Entity type 'zone-diagonal-left-blue' fireproofing copied over to napalm.
   3.126 Script @__EndgameCombat__/prototypes/overrides.lua:77: Entity type 'zone-diagonal-left-purple' fireproofing copied over to napalm.
   3.126 Script @__EndgameCombat__/prototypes/overrides.lua:77: Entity type 'zone-diagonal-left-magenta' fireproofing copied over to napalm.
   3.126 Script @__EndgameCombat__/prototypes/overrides.lua:77: Entity type 'zone-diagonal-left-red' fireproofing copied over to napalm.
   3.126 Script @__EndgameCombat__/prototypes/overrides.lua:77: Entity type 'zone-diagonal-left-orange' fireproofing copied over to napalm.
   3.126 Script @__EndgameCombat__/prototypes/overrides.lua:77: Entity type 'zone-diagonal-left-yellow' fireproofing copied over to napalm.
   3.126 Script @__EndgameCombat__/prototypes/overrides.lua:77: Entity type 'zone-diagonal-left-olive' fireproofing copied over to napalm.
   3.126 Script @__EndgameCombat__/prototypes/overrides.lua:77: Entity type 'zone-diagonal-left-white' fireproofing copied over to napalm.
   3.126 Script @__EndgameCombat__/prototypes/overrides.lua:77: Entity type 'zone-diagonal-right-black' fireproofing copied over to napalm.
   3.126 Script @__EndgameCombat__/prototypes/overrides.lua:77: Entity type 'zone-diagonal-right-green' fireproofing copied over to napalm.
   3.126 Script @__EndgameCombat__/prototypes/overrides.lua:77: Entity type 'zone-diagonal-right-teal' fireproofing copied over to napalm.
   3.126 Script @__EndgameCombat__/prototypes/overrides.lua:77: Entity type 'zone-diagonal-right-cyan' fireproofing copied over to napalm.
   3.126 Script @__EndgameCombat__/prototypes/overrides.lua:77: Entity type 'zone-diagonal-right-blue' fireproofing copied over to napalm.
   3.126 Script @__EndgameCombat__/prototypes/overrides.lua:77: Entity type 'zone-diagonal-right-purple' fireproofing copied over to napalm.
   3.126 Script @__EndgameCombat__/prototypes/overrides.lua:77: Entity type 'zone-diagonal-right-magenta' fireproofing copied over to napalm.
   3.126 Script @__EndgameCombat__/prototypes/overrides.lua:77: Entity type 'zone-diagonal-right-red' fireproofing copied over to napalm.
   3.126 Script @__EndgameCombat__/prototypes/overrides.lua:77: Entity type 'zone-diagonal-right-orange' fireproofing copied over to napalm.
   3.126 Script @__EndgameCombat__/prototypes/overrides.lua:77: Entity type 'zone-diagonal-right-yellow' fireproofing copied over to napalm.
   3.126 Script @__EndgameCombat__/prototypes/overrides.lua:77: Entity type 'zone-diagonal-right-olive' fireproofing copied over to napalm.
   3.126 Script @__EndgameCombat__/prototypes/overrides.lua:77: Entity type 'zone-diagonal-right-white' fireproofing copied over to napalm.
   3.126 Script @__EndgameCombat__/prototypes/overrides.lua:77: Entity type 'zone-horizontal-black' fireproofing copied over to napalm.
   3.126 Script @__EndgameCombat__/prototypes/overrides.lua:77: Entity type 'zone-horizontal-green' fireproofing copied over to napalm.
   3.126 Script @__EndgameCombat__/prototypes/overrides.lua:77: Entity type 'zone-horizontal-teal' fireproofing copied over to napalm.
   3.126 Script @__EndgameCombat__/prototypes/overrides.lua:77: Entity type 'zone-horizontal-cyan' fireproofing copied over to napalm.
   3.126 Script @__EndgameCombat__/prototypes/overrides.lua:77: Entity type 'zone-horizontal-blue' fireproofing copied over to napalm.
   3.126 Script @__EndgameCombat__/prototypes/overrides.lua:77: Entity type 'zone-horizontal-purple' fireproofing copied over to napalm.
   3.126 Script @__EndgameCombat__/prototypes/overrides.lua:77: Entity type 'zone-horizontal-magenta' fireproofing copied over to napalm.
   3.126 Script @__EndgameCombat__/prototypes/overrides.lua:77: Entity type 'zone-horizontal-red' fireproofing copied over to napalm.
   3.126 Script @__EndgameCombat__/prototypes/overrides.lua:77: Entity type 'zone-horizontal-orange' fireproofing copied over to napalm.
   3.126 Script @__EndgameCombat__/prototypes/overrides.lua:77: Entity type 'zone-horizontal-yellow' fireproofing copied over to napalm.
   3.126 Script @__EndgameCombat__/prototypes/overrides.lua:77: Entity type 'zone-horizontal-olive' fireproofing copied over to napalm.
   3.126 Script @__EndgameCombat__/prototypes/overrides.lua:77: Entity type 'zone-horizontal-white' fireproofing copied over to napalm.
   3.126 Script @__EndgameCombat__/prototypes/overrides.lua:77: Entity type 'zone-vertical-black' fireproofing copied over to napalm.
   3.126 Script @__EndgameCombat__/prototypes/overrides.lua:77: Entity type 'zone-vertical-green' fireproofing copied over to napalm.
   3.126 Script @__EndgameCombat__/prototypes/overrides.lua:77: Entity type 'zone-vertical-teal' fireproofing copied over to napalm.
   3.126 Script @__EndgameCombat__/prototypes/overrides.lua:77: Entity type 'zone-vertical-cyan' fireproofing copied over to napalm.
   3.126 Script @__EndgameCombat__/prototypes/overrides.lua:77: Entity type 'zone-vertical-blue' fireproofing copied over to napalm.
   3.126 Script @__EndgameCombat__/prototypes/overrides.lua:77: Entity type 'zone-vertical-purple' fireproofing copied over to napalm.
   3.126 Script @__EndgameCombat__/prototypes/overrides.lua:77: Entity type 'zone-vertical-magenta' fireproofing copied over to napalm.
   3.126 Script @__EndgameCombat__/prototypes/overrides.lua:77: Entity type 'zone-vertical-red' fireproofing copied over to napalm.
   3.126 Script @__EndgameCombat__/prototypes/overrides.lua:77: Entity type 'zone-vertical-orange' fireproofing copied over to napalm.
   3.126 Script @__EndgameCombat__/prototypes/overrides.lua:77: Entity type 'zone-vertical-yellow' fireproofing copied over to napalm.
   3.126 Script @__EndgameCombat__/prototypes/overrides.lua:77: Entity type 'zone-vertical-olive' fireproofing copied over to napalm.
   3.126 Script @__EndgameCombat__/prototypes/overrides.lua:77: Entity type 'zone-vertical-white' fireproofing copied over to napalm.
   3.126 Script @__EndgameCombat__/prototypes/overrides.lua:77: Entity type 'zone-box-black' fireproofing copied over to napalm.
   3.126 Script @__EndgameCombat__/prototypes/overrides.lua:77: Entity type 'zone-box-green' fireproofing copied over to napalm.
   3.126 Script @__EndgameCombat__/prototypes/overrides.lua:77: Entity type 'zone-box-teal' fireproofing copied over to napalm.
   3.126 Script @__EndgameCombat__/prototypes/overrides.lua:77: Entity type 'zone-box-cyan' fireproofing copied over to napalm.
   3.126 Script @__EndgameCombat__/prototypes/overrides.lua:77: Entity type 'zone-box-blue' fireproofing copied over to napalm.
   3.126 Script @__EndgameCombat__/prototypes/overrides.lua:77: Entity type 'zone-box-purple' fireproofing copied over to napalm.
   3.126 Script @__EndgameCombat__/prototypes/overrides.lua:77: Entity type 'zone-box-magenta' fireproofing copied over to napalm.
   3.126 Script @__EndgameCombat__/prototypes/overrides.lua:77: Entity type 'zone-box-red' fireproofing copied over to napalm.
   3.126 Script @__EndgameCombat__/prototypes/overrides.lua:77: Entity type 'zone-box-orange' fireproofing copied over to napalm.
   3.126 Script @__EndgameCombat__/prototypes/overrides.lua:77: Entity type 'zone-box-yellow' fireproofing copied over to napalm.
   3.126 Script @__EndgameCombat__/prototypes/overrides.lua:77: Entity type 'zone-box-olive' fireproofing copied over to napalm.
   3.127 Script @__EndgameCombat__/prototypes/overrides.lua:77: Entity type 'zone-box-white' fireproofing copied over to napalm.
   3.127 Script @__EndgameCombat__/prototypes/overrides.lua:77: Entity type 'zone-plus-black' fireproofing copied over to napalm.
   3.127 Script @__EndgameCombat__/prototypes/overrides.lua:77: Entity type 'zone-plus-green' fireproofing copied over to napalm.
   3.127 Script @__EndgameCombat__/prototypes/overrides.lua:77: Entity type 'zone-plus-teal' fireproofing copied over to napalm.
   3.127 Script @__EndgameCombat__/prototypes/overrides.lua:77: Entity type 'zone-plus-cyan' fireproofing copied over to napalm.
   3.127 Script @__EndgameCombat__/prototypes/overrides.lua:77: Entity type 'zone-plus-blue' fireproofing copied over to napalm.
   3.127 Script @__EndgameCombat__/prototypes/overrides.lua:77: Entity type 'zone-plus-purple' fireproofing copied over to napalm.
   3.127 Script @__EndgameCombat__/prototypes/overrides.lua:77: Entity type 'zone-plus-magenta' fireproofing copied over to napalm.
   3.127 Script @__EndgameCombat__/prototypes/overrides.lua:77: Entity type 'zone-plus-red' fireproofing copied over to napalm.
   3.127 Script @__EndgameCombat__/prototypes/overrides.lua:77: Entity type 'zone-plus-orange' fireproofing copied over to napalm.
   3.127 Script @__EndgameCombat__/prototypes/overrides.lua:77: Entity type 'zone-plus-yellow' fireproofing copied over to napalm.
   3.127 Script @__EndgameCombat__/prototypes/overrides.lua:77: Entity type 'zone-plus-olive' fireproofing copied over to napalm.
   3.127 Script @__EndgameCombat__/prototypes/overrides.lua:77: Entity type 'zone-plus-white' fireproofing copied over to napalm.
   3.127 Script @__EndgameCombat__/prototypes/overrides.lua:77: Entity type 'zone-x-black' fireproofing copied over to napalm.
   3.127 Script @__EndgameCombat__/prototypes/overrides.lua:77: Entity type 'zone-x-green' fireproofing copied over to napalm.
   3.127 Script @__EndgameCombat__/prototypes/overrides.lua:77: Entity type 'zone-x-teal' fireproofing copied over to napalm.
   3.127 Script @__EndgameCombat__/prototypes/overrides.lua:77: Entity type 'zone-x-cyan' fireproofing copied over to napalm.
   3.127 Script @__EndgameCombat__/prototypes/overrides.lua:77: Entity type 'zone-x-blue' fireproofing copied over to napalm.
   3.127 Script @__EndgameCombat__/prototypes/overrides.lua:77: Entity type 'zone-x-purple' fireproofing copied over to napalm.
   3.127 Script @__EndgameCombat__/prototypes/overrides.lua:77: Entity type 'zone-x-magenta' fireproofing copied over to napalm.
   3.127 Script @__EndgameCombat__/prototypes/overrides.lua:77: Entity type 'zone-x-red' fireproofing copied over to napalm.
   3.127 Script @__EndgameCombat__/prototypes/overrides.lua:77: Entity type 'zone-x-orange' fireproofing copied over to napalm.
   3.127 Script @__EndgameCombat__/prototypes/overrides.lua:77: Entity type 'zone-x-yellow' fireproofing copied over to napalm.
   3.127 Script @__EndgameCombat__/prototypes/overrides.lua:77: Entity type 'zone-x-olive' fireproofing copied over to napalm.
   3.127 Script @__EndgameCombat__/prototypes/overrides.lua:77: Entity type 'zone-x-white' fireproofing copied over to napalm.
   3.127 Script @__EndgameCombat__/prototypes/overrides.lua:77: Entity type 'zone-circle-black' fireproofing copied over to napalm.
   3.127 Script @__EndgameCombat__/prototypes/overrides.lua:77: Entity type 'zone-circle-green' fireproofing copied over to napalm.
   3.127 Script @__EndgameCombat__/prototypes/overrides.lua:77: Entity type 'zone-circle-teal' fireproofing copied over to napalm.
   3.127 Script @__EndgameCombat__/prototypes/overrides.lua:77: Entity type 'zone-circle-cyan' fireproofing copied over to napalm.
   3.127 Script @__EndgameCombat__/prototypes/overrides.lua:77: Entity type 'zone-circle-blue' fireproofing copied over to napalm.
   3.127 Script @__EndgameCombat__/prototypes/overrides.lua:77: Entity type 'zone-circle-purple' fireproofing copied over to napalm.
   3.127 Script @__EndgameCombat__/prototypes/overrides.lua:77: Entity type 'zone-circle-magenta' fireproofing copied over to napalm.
   3.127 Script @__EndgameCombat__/prototypes/overrides.lua:77: Entity type 'zone-circle-red' fireproofing copied over to napalm.
   3.127 Script @__EndgameCombat__/prototypes/overrides.lua:77: Entity type 'zone-circle-orange' fireproofing copied over to napalm.
   3.127 Script @__EndgameCombat__/prototypes/overrides.lua:77: Entity type 'zone-circle-yellow' fireproofing copied over to napalm.
   3.127 Script @__EndgameCombat__/prototypes/overrides.lua:77: Entity type 'zone-circle-olive' fireproofing copied over to napalm.
   3.127 Script @__EndgameCombat__/prototypes/overrides.lua:77: Entity type 'zone-circle-white' fireproofing copied over to napalm.
   3.127 Script @__EndgameCombat__/prototypes/overrides.lua:77: Entity type 'zone-disc-black' fireproofing copied over to napalm.
   3.127 Script @__EndgameCombat__/prototypes/overrides.lua:77: Entity type 'zone-disc-green' fireproofing copied over to napalm.
   3.127 Script @__EndgameCombat__/prototypes/overrides.lua:77: Entity type 'zone-disc-teal' fireproofing copied over to napalm.
   3.127 Script @__EndgameCombat__/prototypes/overrides.lua:77: Entity type 'zone-disc-cyan' fireproofing copied over to napalm.
   3.127 Script @__EndgameCombat__/prototypes/overrides.lua:77: Entity type 'zone-disc-blue' fireproofing copied over to napalm.
   3.127 Script @__EndgameCombat__/prototypes/overrides.lua:77: Entity type 'zone-disc-purple' fireproofing copied over to napalm.
   3.127 Script @__EndgameCombat__/prototypes/overrides.lua:77: Entity type 'zone-disc-magenta' fireproofing copied over to napalm.
   3.127 Script @__EndgameCombat__/prototypes/overrides.lua:77: Entity type 'zone-disc-red' fireproofing copied over to napalm.
   3.127 Script @__EndgameCombat__/prototypes/overrides.lua:77: Entity type 'zone-disc-orange' fireproofing copied over to napalm.
   3.127 Script @__EndgameCombat__/prototypes/overrides.lua:77: Entity type 'zone-disc-yellow' fireproofing copied over to napalm.
   3.127 Script @__EndgameCombat__/prototypes/overrides.lua:77: Entity type 'zone-disc-olive' fireproofing copied over to napalm.
   3.127 Script @__EndgameCombat__/prototypes/overrides.lua:77: Entity type 'zone-disc-white' fireproofing copied over to napalm.
   3.127 Script @__EndgameCombat__/prototypes/overrides.lua:77: Entity type 'zone-arrow-n-black' fireproofing copied over to napalm.
   3.127 Script @__EndgameCombat__/prototypes/overrides.lua:77: Entity type 'zone-arrow-n-green' fireproofing copied over to napalm.
   3.127 Script @__EndgameCombat__/prototypes/overrides.lua:77: Entity type 'zone-arrow-n-teal' fireproofing copied over to napalm.
   3.127 Script @__EndgameCombat__/prototypes/overrides.lua:77: Entity type 'zone-arrow-n-cyan' fireproofing copied over to napalm.
   3.127 Script @__EndgameCombat__/prototypes/overrides.lua:77: Entity type 'zone-arrow-n-blue' fireproofing copied over to napalm.
   3.127 Script @__EndgameCombat__/prototypes/overrides.lua:77: Entity type 'zone-arrow-n-purple' fireproofing copied over to napalm.
   3.127 Script @__EndgameCombat__/prototypes/overrides.lua:77: Entity type 'zone-arrow-n-magenta' fireproofing copied over to napalm.
   3.127 Script @__EndgameCombat__/prototypes/overrides.lua:77: Entity type 'zone-arrow-n-red' fireproofing copied over to napalm.
   3.127 Script @__EndgameCombat__/prototypes/overrides.lua:77: Entity type 'zone-arrow-n-orange' fireproofing copied over to napalm.
   3.127 Script @__EndgameCombat__/prototypes/overrides.lua:77: Entity type 'zone-arrow-n-yellow' fireproofing copied over to napalm.
   3.127 Script @__EndgameCombat__/prototypes/overrides.lua:77: Entity type 'zone-arrow-n-olive' fireproofing copied over to napalm.
   3.127 Script @__EndgameCombat__/prototypes/overrides.lua:77: Entity type 'zone-arrow-n-white' fireproofing copied over to napalm.
   3.127 Script @__EndgameCombat__/prototypes/overrides.lua:77: Entity type 'zone-arrow-e-black' fireproofing copied over to napalm.
   3.127 Script @__EndgameCombat__/prototypes/overrides.lua:77: Entity type 'zone-arrow-e-green' fireproofing copied over to napalm.
   3.127 Script @__EndgameCombat__/prototypes/overrides.lua:77: Entity type 'zone-arrow-e-teal' fireproofing copied over to napalm.
   3.127 Script @__EndgameCombat__/prototypes/overrides.lua:77: Entity type 'zone-arrow-e-cyan' fireproofing copied over to napalm.
   3.127 Script @__EndgameCombat__/prototypes/overrides.lua:77: Entity type 'zone-arrow-e-blue' fireproofing copied over to napalm.
   3.127 Script @__EndgameCombat__/prototypes/overrides.lua:77: Entity type 'zone-arrow-e-purple' fireproofing copied over to napalm.
   3.127 Script @__EndgameCombat__/prototypes/overrides.lua:77: Entity type 'zone-arrow-e-magenta' fireproofing copied over to napalm.
   3.127 Script @__EndgameCombat__/prototypes/overrides.lua:77: Entity type 'zone-arrow-e-red' fireproofing copied over to napalm.
   3.127 Script @__EndgameCombat__/prototypes/overrides.lua:77: Entity type 'zone-arrow-e-orange' fireproofing copied over to napalm.
   3.127 Script @__EndgameCombat__/prototypes/overrides.lua:77: Entity type 'zone-arrow-e-yellow' fireproofing copied over to napalm.
   3.127 Script @__EndgameCombat__/prototypes/overrides.lua:77: Entity type 'zone-arrow-e-olive' fireproofing copied over to napalm.
   3.127 Script @__EndgameCombat__/prototypes/overrides.lua:77: Entity type 'zone-arrow-e-white' fireproofing copied over to napalm.
   3.127 Script @__EndgameCombat__/prototypes/overrides.lua:77: Entity type 'zone-arrow-s-black' fireproofing copied over to napalm.
   3.127 Script @__EndgameCombat__/prototypes/overrides.lua:77: Entity type 'zone-arrow-s-green' fireproofing copied over to napalm.
   3.127 Script @__EndgameCombat__/prototypes/overrides.lua:77: Entity type 'zone-arrow-s-teal' fireproofing copied over to napalm.
   3.127 Script @__EndgameCombat__/prototypes/overrides.lua:77: Entity type 'zone-arrow-s-cyan' fireproofing copied over to napalm.
   3.127 Script @__EndgameCombat__/prototypes/overrides.lua:77: Entity type 'zone-arrow-s-blue' fireproofing copied over to napalm.
   3.127 Script @__EndgameCombat__/prototypes/overrides.lua:77: Entity type 'zone-arrow-s-purple' fireproofing copied over to napalm.
   3.127 Script @__EndgameCombat__/prototypes/overrides.lua:77: Entity type 'zone-arrow-s-magenta' fireproofing copied over to napalm.
   3.127 Script @__EndgameCombat__/prototypes/overrides.lua:77: Entity type 'zone-arrow-s-red' fireproofing copied over to napalm.
   3.127 Script @__EndgameCombat__/prototypes/overrides.lua:77: Entity type 'zone-arrow-s-orange' fireproofing copied over to napalm.
   3.127 Script @__EndgameCombat__/prototypes/overrides.lua:77: Entity type 'zone-arrow-s-yellow' fireproofing copied over to napalm.
   3.127 Script @__EndgameCombat__/prototypes/overrides.lua:77: Entity type 'zone-arrow-s-olive' fireproofing copied over to napalm.
   3.127 Script @__EndgameCombat__/prototypes/overrides.lua:77: Entity type 'zone-arrow-s-white' fireproofing copied over to napalm.
   3.127 Script @__EndgameCombat__/prototypes/overrides.lua:77: Entity type 'zone-arrow-w-black' fireproofing copied over to napalm.
   3.127 Script @__EndgameCombat__/prototypes/overrides.lua:77: Entity type 'zone-arrow-w-green' fireproofing copied over to napalm.
   3.127 Script @__EndgameCombat__/prototypes/overrides.lua:77: Entity type 'zone-arrow-w-teal' fireproofing copied over to napalm.
   3.127 Script @__EndgameCombat__/prototypes/overrides.lua:77: Entity type 'zone-arrow-w-cyan' fireproofing copied over to napalm.
   3.127 Script @__EndgameCombat__/prototypes/overrides.lua:77: Entity type 'zone-arrow-w-blue' fireproofing copied over to napalm.
   3.127 Script @__EndgameCombat__/prototypes/overrides.lua:77: Entity type 'zone-arrow-w-purple' fireproofing copied over to napalm.
   3.127 Script @__EndgameCombat__/prototypes/overrides.lua:77: Entity type 'zone-arrow-w-magenta' fireproofing copied over to napalm.
   3.127 Script @__EndgameCombat__/prototypes/overrides.lua:77: Entity type 'zone-arrow-w-red' fireproofing copied over to napalm.
   3.127 Script @__EndgameCombat__/prototypes/overrides.lua:77: Entity type 'zone-arrow-w-orange' fireproofing copied over to napalm.
   3.127 Script @__EndgameCombat__/prototypes/overrides.lua:77: Entity type 'zone-arrow-w-yellow' fireproofing copied over to napalm.
   3.128 Script @__EndgameCombat__/prototypes/overrides.lua:77: Entity type 'zone-arrow-w-olive' fireproofing copied over to napalm.
   3.128 Script @__EndgameCombat__/prototypes/overrides.lua:77: Entity type 'zone-arrow-w-white' fireproofing copied over to napalm.
   3.128 Script @__EndgameCombat__/prototypes/overrides.lua:77: Entity type 'zone-arrow-ne-black' fireproofing copied over to napalm.
   3.128 Script @__EndgameCombat__/prototypes/overrides.lua:77: Entity type 'zone-arrow-ne-green' fireproofing copied over to napalm.
   3.128 Script @__EndgameCombat__/prototypes/overrides.lua:77: Entity type 'zone-arrow-ne-teal' fireproofing copied over to napalm.
   3.128 Script @__EndgameCombat__/prototypes/overrides.lua:77: Entity type 'zone-arrow-ne-cyan' fireproofing copied over to napalm.
   3.128 Script @__EndgameCombat__/prototypes/overrides.lua:77: Entity type 'zone-arrow-ne-blue' fireproofing copied over to napalm.
   3.128 Script @__EndgameCombat__/prototypes/overrides.lua:77: Entity type 'zone-arrow-ne-purple' fireproofing copied over to napalm.
   3.128 Script @__EndgameCombat__/prototypes/overrides.lua:77: Entity type 'zone-arrow-ne-magenta' fireproofing copied over to napalm.
   3.128 Script @__EndgameCombat__/prototypes/overrides.lua:77: Entity type 'zone-arrow-ne-red' fireproofing copied over to napalm.
   3.128 Script @__EndgameCombat__/prototypes/overrides.lua:77: Entity type 'zone-arrow-ne-orange' fireproofing copied over to napalm.
   3.128 Script @__EndgameCombat__/prototypes/overrides.lua:77: Entity type 'zone-arrow-ne-yellow' fireproofing copied over to napalm.
   3.128 Script @__EndgameCombat__/prototypes/overrides.lua:77: Entity type 'zone-arrow-ne-olive' fireproofing copied over to napalm.
   3.128 Script @__EndgameCombat__/prototypes/overrides.lua:77: Entity type 'zone-arrow-ne-white' fireproofing copied over to napalm.
   3.128 Script @__EndgameCombat__/prototypes/overrides.lua:77: Entity type 'zone-arrow-se-black' fireproofing copied over to napalm.
   3.128 Script @__EndgameCombat__/prototypes/overrides.lua:77: Entity type 'zone-arrow-se-green' fireproofing copied over to napalm.
   3.128 Script @__EndgameCombat__/prototypes/overrides.lua:77: Entity type 'zone-arrow-se-teal' fireproofing copied over to napalm.
   3.128 Script @__EndgameCombat__/prototypes/overrides.lua:77: Entity type 'zone-arrow-se-cyan' fireproofing copied over to napalm.
   3.128 Script @__EndgameCombat__/prototypes/overrides.lua:77: Entity type 'zone-arrow-se-blue' fireproofing copied over to napalm.
   3.128 Script @__EndgameCombat__/prototypes/overrides.lua:77: Entity type 'zone-arrow-se-purple' fireproofing copied over to napalm.
   3.128 Script @__EndgameCombat__/prototypes/overrides.lua:77: Entity type 'zone-arrow-se-magenta' fireproofing copied over to napalm.
   3.128 Script @__EndgameCombat__/prototypes/overrides.lua:77: Entity type 'zone-arrow-se-red' fireproofing copied over to napalm.
   3.128 Script @__EndgameCombat__/prototypes/overrides.lua:77: Entity type 'zone-arrow-se-orange' fireproofing copied over to napalm.
   3.128 Script @__EndgameCombat__/prototypes/overrides.lua:77: Entity type 'zone-arrow-se-yellow' fireproofing copied over to napalm.
   3.128 Script @__EndgameCombat__/prototypes/overrides.lua:77: Entity type 'zone-arrow-se-olive' fireproofing copied over to napalm.
   3.128 Script @__EndgameCombat__/prototypes/overrides.lua:77: Entity type 'zone-arrow-se-white' fireproofing copied over to napalm.
   3.128 Script @__EndgameCombat__/prototypes/overrides.lua:77: Entity type 'zone-arrow-sw-black' fireproofing copied over to napalm.
   3.128 Script @__EndgameCombat__/prototypes/overrides.lua:77: Entity type 'zone-arrow-sw-green' fireproofing copied over to napalm.
   3.128 Script @__EndgameCombat__/prototypes/overrides.lua:77: Entity type 'zone-arrow-sw-teal' fireproofing copied over to napalm.
   3.128 Script @__EndgameCombat__/prototypes/overrides.lua:77: Entity type 'zone-arrow-sw-cyan' fireproofing copied over to napalm.
   3.128 Script @__EndgameCombat__/prototypes/overrides.lua:77: Entity type 'zone-arrow-sw-blue' fireproofing copied over to napalm.
   3.128 Script @__EndgameCombat__/prototypes/overrides.lua:77: Entity type 'zone-arrow-sw-purple' fireproofing copied over to napalm.
   3.128 Script @__EndgameCombat__/prototypes/overrides.lua:77: Entity type 'zone-arrow-sw-magenta' fireproofing copied over to napalm.
   3.128 Script @__EndgameCombat__/prototypes/overrides.lua:77: Entity type 'zone-arrow-sw-red' fireproofing copied over to napalm.
   3.128 Script @__EndgameCombat__/prototypes/overrides.lua:77: Entity type 'zone-arrow-sw-orange' fireproofing copied over to napalm.
   3.128 Script @__EndgameCombat__/prototypes/overrides.lua:77: Entity type 'zone-arrow-sw-yellow' fireproofing copied over to napalm.
   3.128 Script @__EndgameCombat__/prototypes/overrides.lua:77: Entity type 'zone-arrow-sw-olive' fireproofing copied over to napalm.
   3.128 Script @__EndgameCombat__/prototypes/overrides.lua:77: Entity type 'zone-arrow-sw-white' fireproofing copied over to napalm.
   3.128 Script @__EndgameCombat__/prototypes/overrides.lua:77: Entity type 'zone-arrow-nw-black' fireproofing copied over to napalm.
   3.128 Script @__EndgameCombat__/prototypes/overrides.lua:77: Entity type 'zone-arrow-nw-green' fireproofing copied over to napalm.
   3.128 Script @__EndgameCombat__/prototypes/overrides.lua:77: Entity type 'zone-arrow-nw-teal' fireproofing copied over to napalm.
   3.128 Script @__EndgameCombat__/prototypes/overrides.lua:77: Entity type 'zone-arrow-nw-cyan' fireproofing copied over to napalm.
   3.128 Script @__EndgameCombat__/prototypes/overrides.lua:77: Entity type 'zone-arrow-nw-blue' fireproofing copied over to napalm.
   3.128 Script @__EndgameCombat__/prototypes/overrides.lua:77: Entity type 'zone-arrow-nw-purple' fireproofing copied over to napalm.
   3.128 Script @__EndgameCombat__/prototypes/overrides.lua:77: Entity type 'zone-arrow-nw-magenta' fireproofing copied over to napalm.
   3.128 Script @__EndgameCombat__/prototypes/overrides.lua:77: Entity type 'zone-arrow-nw-red' fireproofing copied over to napalm.
   3.128 Script @__EndgameCombat__/prototypes/overrides.lua:77: Entity type 'zone-arrow-nw-orange' fireproofing copied over to napalm.
   3.128 Script @__EndgameCombat__/prototypes/overrides.lua:77: Entity type 'zone-arrow-nw-yellow' fireproofing copied over to napalm.
   3.128 Script @__EndgameCombat__/prototypes/overrides.lua:77: Entity type 'zone-arrow-nw-olive' fireproofing copied over to napalm.
   3.128 Script @__EndgameCombat__/prototypes/overrides.lua:77: Entity type 'zone-arrow-nw-white' fireproofing copied over to napalm.
   3.128 Script @__EndgameCombat__/prototypes/overrides.lua:77: Entity type 'aai-small-ship-wreck' fireproofing copied over to napalm.
   3.128 Script @__EndgameCombat__/prototypes/overrides.lua:77: Entity type 'rock-huge-tan' fireproofing copied over to napalm.
   3.128 Script @__EndgameCombat__/prototypes/overrides.lua:77: Entity type 'rock-big-tan' fireproofing copied over to napalm.
   3.128 Script @__EndgameCombat__/prototypes/overrides.lua:77: Entity type 'rock-huge-dustyrose' fireproofing copied over to napalm.
   3.128 Script @__EndgameCombat__/prototypes/overrides.lua:77: Entity type 'rock-big-dustyrose' fireproofing copied over to napalm.
   3.128 Script @__EndgameCombat__/prototypes/overrides.lua:77: Entity type 'rock-huge-cream' fireproofing copied over to napalm.
   3.128 Script @__EndgameCombat__/prototypes/overrides.lua:77: Entity type 'rock-big-cream' fireproofing copied over to napalm.
   3.128 Script @__EndgameCombat__/prototypes/overrides.lua:77: Entity type 'rock-huge-brown' fireproofing copied over to napalm.
   3.128 Script @__EndgameCombat__/prototypes/overrides.lua:77: Entity type 'rock-big-brown' fireproofing copied over to napalm.
   3.128 Script @__EndgameCombat__/prototypes/overrides.lua:77: Entity type 'rock-huge-beige' fireproofing copied over to napalm.
   3.128 Script @__EndgameCombat__/prototypes/overrides.lua:77: Entity type 'rock-big-beige' fireproofing copied over to napalm.
   3.128 Script @__EndgameCombat__/prototypes/overrides.lua:77: Entity type 'rock-huge-red' fireproofing copied over to napalm.
   3.128 Script @__EndgameCombat__/prototypes/overrides.lua:77: Entity type 'rock-big-red' fireproofing copied over to napalm.
   3.128 Script @__EndgameCombat__/prototypes/overrides.lua:77: Entity type 'rock-huge-violet' fireproofing copied over to napalm.
   3.128 Script @__EndgameCombat__/prototypes/overrides.lua:77: Entity type 'rock-big-violet' fireproofing copied over to napalm.
   3.128 Script @__EndgameCombat__/prototypes/overrides.lua:77: Entity type 'rock-huge-purple' fireproofing copied over to napalm.
   3.128 Script @__EndgameCombat__/prototypes/overrides.lua:77: Entity type 'rock-big-purple' fireproofing copied over to napalm.
   3.128 Script @__EndgameCombat__/prototypes/overrides.lua:77: Entity type 'rock-huge-aubergine' fireproofing copied over to napalm.
   3.128 Script @__EndgameCombat__/prototypes/overrides.lua:77: Entity type 'rock-big-aubergine' fireproofing copied over to napalm.
   3.128 Script @__EndgameCombat__/prototypes/overrides.lua:77: Entity type 'rock-huge-black' fireproofing copied over to napalm.
   3.128 Script @__EndgameCombat__/prototypes/overrides.lua:77: Entity type 'rock-big-black' fireproofing copied over to napalm.
   3.128 Script @__EndgameCombat__/prototypes/overrides.lua:77: Entity type 'rock-huge-grey' fireproofing copied over to napalm.
   3.128 Script @__EndgameCombat__/prototypes/overrides.lua:77: Entity type 'rock-big-grey' fireproofing copied over to napalm.
   3.128 Script @__EndgameCombat__/prototypes/overrides.lua:77: Entity type 'rock-huge-white' fireproofing copied over to napalm.
   3.128 Script @__EndgameCombat__/prototypes/overrides.lua:77: Entity type 'rock-big-white' fireproofing copied over to napalm.
   3.128 Script @__EndgameCombat__/prototypes/overrides.lua:77: Entity type 'sand-rock-big-tan' fireproofing copied over to napalm.
   3.128 Script @__EndgameCombat__/prototypes/overrides.lua:77: Entity type 'sand-rock-big-red' fireproofing copied over to napalm.
   3.128 Script @__EndgameCombat__/prototypes/overrides.lua:77: Entity type 'sand-rock-big-purple' fireproofing copied over to napalm.
   3.128 Script @__EndgameCombat__/prototypes/overrides.lua:77: Entity type 'sand-rock-big-black' fireproofing copied over to napalm.
   3.128 Script @__EndgameCombat__/prototypes/overrides.lua:77: Entity type 'sand-rock-big-white' fireproofing copied over to napalm.
   3.128 Script @__EndgameCombat__/prototypes/overrides.lua:77: Entity type 'rock-huge-volcanic' fireproofing copied over to napalm.
   3.128 Script @__EndgameCombat__/prototypes/overrides.lua:77: Entity type 'rock-big-volcanic' fireproofing copied over to napalm.
   3.128 Script @__EndgameCombat__/prototypes/overrides.lua:77: Entity type 'se-rock-huge-space' fireproofing copied over to napalm.
   3.128 Script @__EndgameCombat__/prototypes/overrides.lua:77: Entity type 'se-rock-big-space' fireproofing copied over to napalm.
   3.128 Script @__EndgameCombat__/prototypes/overrides.lua:77: Entity type 'se-rock-huge-asteroid' fireproofing copied over to napalm.
   3.128 Script @__EndgameCombat__/prototypes/overrides.lua:77: Entity type 'se-rock-big-asteroid' fireproofing copied over to napalm.
   3.128 Script @__EndgameCombat__/prototypes/overrides.lua:77: Entity type 'se-sand-rock-big-asteroid' fireproofing copied over to napalm.
   3.129 Script @__EndgameCombat__/prototypes/overrides.lua:77: Entity type 'se-static-meteor-01' fireproofing copied over to napalm.
   3.129 Script @__EndgameCombat__/prototypes/overrides.lua:77: Entity type 'se-static-meteor-02' fireproofing copied over to napalm.
   3.129 Script @__EndgameCombat__/prototypes/overrides.lua:77: Entity type 'se-static-meteor-03' fireproofing copied over to napalm.
   3.129 Script @__EndgameCombat__/prototypes/overrides.lua:77: Entity type 'se-static-meteor-04' fireproofing copied over to napalm.
   3.129 Script @__EndgameCombat__/prototypes/overrides.lua:77: Entity type 'se-static-meteor-05' fireproofing copied over to napalm.
   3.129 Script @__EndgameCombat__/prototypes/overrides.lua:77: Entity type 'se-static-meteor-06' fireproofing copied over to napalm.
   3.129 Script @__EndgameCombat__/prototypes/overrides.lua:77: Entity type 'se-static-meteor-07' fireproofing copied over to napalm.
   3.129 Script @__EndgameCombat__/prototypes/overrides.lua:77: Entity type 'se-static-meteor-08' fireproofing copied over to napalm.
   3.129 Script @__EndgameCombat__/prototypes/overrides.lua:77: Entity type 'se-static-meteor-09' fireproofing copied over to napalm.
   3.129 Script @__EndgameCombat__/prototypes/overrides.lua:77: Entity type 'se-static-meteor-10' fireproofing copied over to napalm.
   3.129 Script @__EndgameCombat__/prototypes/overrides.lua:77: Entity type 'se-static-meteor-11' fireproofing copied over to napalm.
   3.129 Script @__EndgameCombat__/prototypes/overrides.lua:77: Entity type 'se-static-meteor-12' fireproofing copied over to napalm.
   3.129 Script @__EndgameCombat__/prototypes/overrides.lua:77: Entity type 'se-static-meteor-13' fireproofing copied over to napalm.
   3.129 Script @__EndgameCombat__/prototypes/overrides.lua:77: Entity type 'se-static-meteor-14' fireproofing copied over to napalm.
   3.129 Script @__EndgameCombat__/prototypes/overrides.lua:77: Entity type 'se-static-meteor-15' fireproofing copied over to napalm.
   3.129 Script @__EndgameCombat__/prototypes/overrides.lua:77: Entity type 'se-static-meteor-16' fireproofing copied over to napalm.
   3.129 Script @__EndgameCombat__/prototypes/overrides.lua:77: Entity type 'se-static-rocket-fragment-big-a' fireproofing copied over to napalm.
   3.129 Script @__EndgameCombat__/prototypes/overrides.lua:77: Entity type 'se-static-rocket-fragment-big-b' fireproofing copied over to napalm.
   3.129 Script @__EndgameCombat__/prototypes/overrides.lua:77: Entity type 'se-static-rocket-fragment-big-c' fireproofing copied over to napalm.
   3.129 Script @__EndgameCombat__/prototypes/overrides.lua:77: Entity type 'se-static-rocket-fragment-big-d' fireproofing copied over to napalm.
   3.129 Script @__EndgameCombat__/prototypes/overrides.lua:77: Entity type 'se-static-rocket-fragment-medium-a' fireproofing copied over to napalm.
   3.129 Script @__EndgameCombat__/prototypes/overrides.lua:77: Entity type 'se-static-rocket-fragment-medium-b' fireproofing copied over to napalm.
   3.129 Script @__EndgameCombat__/prototypes/overrides.lua:77: Entity type 'se-static-rocket-fragment-medium-c' fireproofing copied over to napalm.
   3.129 Script @__EndgameCombat__/prototypes/overrides.lua:77: Entity type 'se-static-rocket-fragment-small-a' fireproofing copied over to napalm.
   3.129 Script @__EndgameCombat__/prototypes/overrides.lua:77: Entity type 'se-static-rocket-fragment-small-b' fireproofing copied over to napalm.
   3.129 Script @__EndgameCombat__/prototypes/overrides.lua:77: Entity type 'se-static-rocket-fragment-small-c' fireproofing copied over to napalm.
   3.129 Script @__EndgameCombat__/prototypes/overrides.lua:77: Entity type 'se-static-rocket-fragment-small-d' fireproofing copied over to napalm.
   3.129 Script @__EndgameCombat__/prototypes/overrides.lua:77: Entity type 'se-static-rocket-fragment-small-e' fireproofing copied over to napalm.
   3.129 Script @__EndgameCombat__/prototypes/overrides.lua:77: Entity type 'se-static-rocket-fragment-small-f' fireproofing copied over to napalm.
   3.129 Script @__EndgameCombat__/prototypes/overrides.lua:77: Entity type 'se-static-rocket-fragment-small-g' fireproofing copied over to napalm.
   3.129 Script @__EndgameCombat__/prototypes/overrides.lua:77: Entity type 'se-static-rocket-fragment-small-h' fireproofing copied over to napalm.
   3.129 Script @__EndgameCombat__/prototypes/overrides.lua:77: Entity type 'se-static-rocket-fragment-small-i' fireproofing copied over to napalm.
   3.129 Script @__EndgameCombat__/prototypes/overrides.lua:77: Entity type 'se-static-rocket-fragment-small-j' fireproofing copied over to napalm.
   3.129 Script @__EndgameCombat__/prototypes/overrides.lua:77: Entity type 'se-static-rocket-fragment-tiny-a' fireproofing copied over to napalm.
   3.129 Script @__EndgameCombat__/prototypes/overrides.lua:77: Entity type 'se-static-rocket-fragment-tiny-b' fireproofing copied over to napalm.
   3.129 Script @__EndgameCombat__/prototypes/overrides.lua:77: Entity type 'se-static-rocket-fragment-tiny-c' fireproofing copied over to napalm.
   3.129 Script @__EndgameCombat__/prototypes/overrides.lua:77: Entity type 'se-static-rocket-fragment-tiny-d' fireproofing copied over to napalm.
   3.129 Script @__EndgameCombat__/prototypes/overrides.lua:77: Entity type 'se-static-rocket-fragment-tiny-e' fireproofing copied over to napalm.
   3.129 Script @__EndgameCombat__/prototypes/overrides.lua:77: Entity type 'se-static-rocket-fragment-tiny-f' fireproofing copied over to napalm.
   3.129 Script @__EndgameCombat__/prototypes/overrides.lua:77: Entity type 'se-static-cargo-fragment-a' fireproofing copied over to napalm.
   3.129 Script @__EndgameCombat__/prototypes/overrides.lua:77: Entity type 'se-static-cargo-fragment-b' fireproofing copied over to napalm.
   3.129 Script @__EndgameCombat__/prototypes/overrides.lua:77: Entity type 'se-static-cargo-fragment-c' fireproofing copied over to napalm.
   3.129 Script @__EndgameCombat__/prototypes/overrides.lua:77: Entity type 'se-static-cargo-fragment-d' fireproofing copied over to napalm.
   3.129 Script @__EndgameCombat__/prototypes/overrides.lua:77: Entity type 'se-space-elevator-train-collider' fireproofing copied over to napalm.
   3.129 Script @__EndgameCombat__/prototypes/overrides.lua:77: Entity type 'water-wube-dirt' fireproofing copied over to napalm.
   3.129 Script @__EndgameCombat__/prototypes/overrides.lua:77: Entity type 'wube-logo-plain' fireproofing copied over to napalm.
   3.129 Script @__EndgameCombat__/prototypes/overrides.lua:77: Entity type 'crash-site-spaceship-wreck-small-1' fireproofing copied over to napalm.
   3.129 Script @__EndgameCombat__/prototypes/overrides.lua:77: Entity type 'crash-site-spaceship-wreck-small-2' fireproofing copied over to napalm.
   3.129 Script @__EndgameCombat__/prototypes/overrides.lua:77: Entity type 'crash-site-spaceship-wreck-small-3' fireproofing copied over to napalm.
   3.129 Script @__EndgameCombat__/prototypes/overrides.lua:77: Entity type 'crash-site-spaceship-wreck-small-4' fireproofing copied over to napalm.
   3.129 Script @__EndgameCombat__/prototypes/overrides.lua:77: Entity type 'crash-site-spaceship-wreck-small-5' fireproofing copied over to napalm.
   3.129 Script @__EndgameCombat__/prototypes/overrides.lua:77: Entity type 'crash-site-spaceship-wreck-small-6' fireproofing copied over to napalm.
   3.129 Script @__EndgameCombat__/prototypes/overrides.lua:77: Entity type 'bridge_north_closed' fireproofing copied over to napalm.
   3.129 Script @__EndgameCombat__/prototypes/overrides.lua:77: Entity type 'bridge_south_closed' fireproofing copied over to napalm.
   3.129 Script @__EndgameCombat__/prototypes/overrides.lua:77: Entity type 'bridge_east_closed' fireproofing copied over to napalm.
   3.129 Script @__EndgameCombat__/prototypes/overrides.lua:77: Entity type 'bridge_west_closed' fireproofing copied over to napalm.
   3.129 Script @__EndgameCombat__/prototypes/overrides.lua:77: Entity type 'bridge_north_open' fireproofing copied over to napalm.
   3.129 Script @__EndgameCombat__/prototypes/overrides.lua:77: Entity type 'bridge_south_open' fireproofing copied over to napalm.
   3.129 Script @__EndgameCombat__/prototypes/overrides.lua:77: Entity type 'bridge_east_open' fireproofing copied over to napalm.
   3.129 Script @__EndgameCombat__/prototypes/overrides.lua:77: Entity type 'bridge_west_open' fireproofing copied over to napalm.
   3.129 Script @__EndgameCombat__/prototypes/overrides.lua:77: Entity type 'se-meteor-defence-container' fireproofing copied over to napalm.
   3.129 Script @__EndgameCombat__/prototypes/overrides.lua:77: Entity type 'se-meteor-point-defence-container' fireproofing copied over to napalm.
   3.129 Script @__EndgameCombat__/prototypes/overrides.lua:77: Entity type 'flamethrower-turret' fireproofing copied over to napalm.
   3.129 Script @__EndgameCombat__/prototypes/overrides.lua:77: Entity type 'sticky-turret' fireproofing copied over to napalm.
   3.129 Script @__EndgameCombat__/prototypes/overrides.lua:77: Entity type 'ne-biter-fire-1' fireproofing copied over to napalm.
   3.129 Script @__EndgameCombat__/prototypes/overrides.lua:77: Entity type 'ne-biter-fire-2' fireproofing copied over to napalm.
   3.129 Script @__EndgameCombat__/prototypes/overrides.lua:77: Entity type 'ne-biter-fire-3' fireproofing copied over to napalm.
   3.130 Script @__EndgameCombat__/prototypes/overrides.lua:77: Entity type 'ne-biter-fire-4' fireproofing copied over to napalm.
   3.130 Script @__EndgameCombat__/prototypes/overrides.lua:77: Entity type 'ne-biter-fire-5' fireproofing copied over to napalm.
   3.130 Script @__EndgameCombat__/prototypes/overrides.lua:77: Entity type 'ne-biter-fire-6' fireproofing copied over to napalm.
   3.130 Script @__EndgameCombat__/prototypes/overrides.lua:77: Entity type 'ne-biter-fire-7' fireproofing copied over to napalm.
   3.130 Script @__EndgameCombat__/prototypes/overrides.lua:77: Entity type 'ne-biter-fire-8' fireproofing copied over to napalm.
   3.130 Script @__EndgameCombat__/prototypes/overrides.lua:77: Entity type 'ne-biter-fire-9' fireproofing copied over to napalm.
   3.130 Script @__EndgameCombat__/prototypes/overrides.lua:77: Entity type 'ne-biter-fire-10' fireproofing copied over to napalm.
   3.130 Script @__EndgameCombat__/prototypes/overrides.lua:77: Entity type 'ne-biter-fire-11' fireproofing copied over to napalm.
   3.130 Script @__EndgameCombat__/prototypes/overrides.lua:77: Entity type 'ne-biter-fire-12' fireproofing copied over to napalm.
   3.130 Script @__EndgameCombat__/prototypes/overrides.lua:77: Entity type 'ne-biter-fire-13' fireproofing copied over to napalm.
   3.130 Script @__EndgameCombat__/prototypes/overrides.lua:77: Entity type 'ne-biter-fire-14' fireproofing copied over to napalm.
   3.130 Script @__EndgameCombat__/prototypes/overrides.lua:77: Entity type 'ne-biter-fire-15' fireproofing copied over to napalm.
   3.130 Script @__EndgameCombat__/prototypes/overrides.lua:77: Entity type 'ne-biter-fire-16' fireproofing copied over to napalm.
   3.130 Script @__EndgameCombat__/prototypes/overrides.lua:77: Entity type 'ne-biter-fire-17' fireproofing copied over to napalm.
   3.130 Script @__EndgameCombat__/prototypes/overrides.lua:77: Entity type 'ne-biter-fire-18' fireproofing copied over to napalm.
   3.130 Script @__EndgameCombat__/prototypes/overrides.lua:77: Entity type 'ne-biter-fire-19' fireproofing copied over to napalm.
   3.130 Script @__EndgameCombat__/prototypes/overrides.lua:77: Entity type 'ne-biter-fire-20' fireproofing copied over to napalm.
   3.130 Script @__EndgameCombat__/prototypes/overrides.lua:77: Entity type 'ne-spitter-fire-1' fireproofing copied over to napalm.
   3.130 Script @__EndgameCombat__/prototypes/overrides.lua:77: Entity type 'ne-spitter-fire-2' fireproofing copied over to napalm.
   3.130 Script @__EndgameCombat__/prototypes/overrides.lua:77: Entity type 'ne-spitter-fire-3' fireproofing copied over to napalm.
   3.130 Script @__EndgameCombat__/prototypes/overrides.lua:77: Entity type 'ne-spitter-fire-4' fireproofing copied over to napalm.
   3.130 Script @__EndgameCombat__/prototypes/overrides.lua:77: Entity type 'ne-spitter-fire-5' fireproofing copied over to napalm.
   3.130 Script @__EndgameCombat__/prototypes/overrides.lua:77: Entity type 'ne-spitter-fire-6' fireproofing copied over to napalm.
   3.130 Script @__EndgameCombat__/prototypes/overrides.lua:77: Entity type 'ne-spitter-fire-7' fireproofing copied over to napalm.
   3.130 Script @__EndgameCombat__/prototypes/overrides.lua:77: Entity type 'ne-spitter-fire-8' fireproofing copied over to napalm.
   3.130 Script @__EndgameCombat__/prototypes/overrides.lua:77: Entity type 'ne-spitter-fire-9' fireproofing copied over to napalm.
   3.130 Script @__EndgameCombat__/prototypes/overrides.lua:77: Entity type 'ne-spitter-fire-10' fireproofing copied over to napalm.
   3.130 Script @__EndgameCombat__/prototypes/overrides.lua:77: Entity type 'ne-spitter-fire-11' fireproofing copied over to napalm.
   3.130 Script @__EndgameCombat__/prototypes/overrides.lua:77: Entity type 'ne-spitter-fire-12' fireproofing copied over to napalm.
   3.130 Script @__EndgameCombat__/prototypes/overrides.lua:77: Entity type 'ne-spitter-fire-13' fireproofing copied over to napalm.
   3.130 Script @__EndgameCombat__/prototypes/overrides.lua:77: Entity type 'ne-spitter-fire-14' fireproofing copied over to napalm.
   3.130 Script @__EndgameCombat__/prototypes/overrides.lua:77: Entity type 'ne-spitter-fire-15' fireproofing copied over to napalm.
   3.130 Script @__EndgameCombat__/prototypes/overrides.lua:77: Entity type 'ne-spitter-fire-16' fireproofing copied over to napalm.
   3.130 Script @__EndgameCombat__/prototypes/overrides.lua:77: Entity type 'ne-spitter-fire-17' fireproofing copied over to napalm.
   3.130 Script @__EndgameCombat__/prototypes/overrides.lua:77: Entity type 'ne-spitter-fire-18' fireproofing copied over to napalm.
   3.130 Script @__EndgameCombat__/prototypes/overrides.lua:77: Entity type 'ne-spitter-fire-19' fireproofing copied over to napalm.
   3.130 Script @__EndgameCombat__/prototypes/overrides.lua:77: Entity type 'ne-spitter-fire-20' fireproofing copied over to napalm.
   3.130 Script @__EndgameCombat__/prototypes/overrides.lua:77: Entity type 'vehicle-flame-tank' fireproofing copied over to napalm.
   3.130 Script @__EndgameCombat__/prototypes/overrides.lua:77: Entity type 'stone-wall' fireproofing copied over to napalm.
   3.130 Script @__EndgameCombat__/prototypes/overrides.lua:77: Entity type 'mending-wall-rampant-arsenal' fireproofing copied over to napalm.
   3.130 Script @__EndgameCombat__/prototypes/overrides.lua:77: Entity type 'reinforced-wall-rampant-arsenal' fireproofing copied over to napalm.
   3.130 Script @__EndgameCombat__/prototypes/overrides.lua:77: Entity type 'concrete-wall' fireproofing copied over to napalm.
   3.130 Script @__EndgameCombat__/prototypes/overrides.lua:77: Entity type 'steel-wall' fireproofing copied over to napalm.
   3.130 Script @__EndgameCombat__/prototypes/overrides.lua:77: Entity type 'spiked-wall' fireproofing copied over to napalm.
   3.130 Script @__EndgameCombat__/prototypes/overrides.lua:77: Entity type 'tough-wall' fireproofing copied over to napalm.
   3.130 Script @__EndgameCombat__/prototypes/overrides.lua:77: Entity type 'tough-spiked-wall' fireproofing copied over to napalm.
   3.130 Script @__EndgameCombat__/prototypes/overrides.lua:98: Increasing train locomotive (detected as tier 1) impact power 25 times.
   3.130 Script @__EndgameCombat__/prototypes/overrides.lua:98: Increasing train fast-one (detected as tier 1) impact power 25 times.
   3.131 Script @__EndgameCombat__/prototypes/overrides.lua:98: Increasing train fast-one-mk2 (detected as tier 2) impact power 40 times.
   3.131 Script @__EndgameCombat__/prototypes/overrides.lua:98: Increasing train fast-one-mk3 (detected as tier 3) impact power 64 times.
   3.131 Script @__EndgameCombat__/prototypes/overrides.lua:98: Increasing train nuclear-train-vehicle-rampant-arsenal (detected as tier 1) impact power 25 times.
   3.131 Script @__EndgameCombat__/prototypes/overrides.lua:98: Increasing train cargo_ship_engine (detected as tier 1) impact power 25 times.
   3.131 Script @__EndgameCombat__/prototypes/overrides.lua:98: Increasing train boat_engine (detected as tier 1) impact power 25 times.
   3.131 Error ModManager.cpp:1558: Failed to load mod "EndgameCombat": __EndgameCombat__/prototypes/overrides.lua:95: attempt to index field 'burner' (a nil value)
stack traceback:
	__EndgameCombat__/prototypes/overrides.lua:95: in main chunk
	[C]: in function 'require'
	__EndgameCombat__/data-updates.lua:6: in main chunk
   3.132 Loading mod core 0.0.0 (data.lua)
   3.263 Checksum for core: 1476961332
   3.310 Error ModManager.cpp:1558: Error in assignID: recipe-category with name 'crafting' does not exist.

Source: default (utility-sprites).
   3.405 Initial atlas bitmap size is 16384
   3.406 Created atlas bitmap 2048x640 [icon, not-compressed, mipmap, linear-minification, linear-magnification, linear-mip-level]
   3.406 Created virtual atlas pages 4096x4096x0
   3.412 Texture processor created (2048). GPU accelerated compression Supported: yes, Enabled: yes/yes. Test passed. YCoCgDXT PSNR: 35.83, BC3 PSNR: 33.82
   3.419 Parallel Sprite Loader initialized (threads: 0)
   3.447 Sprites loaded
   3.460 Generated mipmaps (5) for atlas [0] of size 2048x640   
   3.460 Custom mipmaps uploaded.
   3.463 Factorio initialised
